[0m06:13:43.170362 [debug] [MainThread]: Sending event: {'category': 'dbt', 'action': 'invocation', 'label': 'start', 'context': [<snowplow_tracker.self_describing_json.SelfDescribingJson object at 0x1103290f0>, <snowplow_tracker.self_describing_json.SelfDescribingJson object at 0x1111b9030>, <snowplow_tracker.self_describing_json.SelfDescribingJson object at 0x1111b94b0>]}


============================== 06:13:43.177066 | 2875cdc5-f796-4166-a6f0-037a8ef73044 ==============================
[0m06:13:43.177066 [info ] [MainThread]: Running with dbt=1.9.3
[0m06:13:43.178452 [debug] [MainThread]: running dbt with arguments {'printer_width': '80', 'indirect_selection': 'eager', 'write_json': 'True', 'log_cache_events': 'False', 'partial_parse': 'True', 'cache_selected_only': 'False', 'warn_error': 'None', 'debug': 'False', 'profiles_dir': '/Users/michal/.dbt', 'log_path': 'logs', 'version_check': 'True', 'fail_fast': 'False', 'use_colors': 'True', 'use_experimental_parser': 'False', 'empty': 'None', 'quiet': 'False', 'no_print': 'None', 'warn_error_options': 'WarnErrorOptions(include=[], exclude=[])', 'static_parser': 'True', 'invocation_command': 'dbt init dbt_transformations', 'introspect': 'True', 'target_path': 'None', 'log_format': 'default', 'send_anonymous_usage_stats': 'True'}
[0m06:13:43.199289 [warn ] [MainThread]: [ConfigFolderDirectory]: Unable to parse logging event dictionary. Failed to parse dir field: expected string or bytes-like object.. Dictionary: {'dir': PosixPath('/Users/michal/.dbt')}
[0m06:13:43.200534 [info ] [MainThread]: Creating dbt configuration folder at 
[0m06:13:43.203643 [debug] [MainThread]: Starter project path: /Users/michal/Desktop/examples/.venv/lib/python3.10/site-packages/dbt/include/starter_project
[0m06:13:43.214489 [info ] [MainThread]: 
Your new dbt project "dbt_transformations" was created!

For more information on how to configure the profiles.yml file,
please consult the dbt documentation here:

  https://docs.getdbt.com/docs/configure-your-profile

One more thing:

Need help? Don't hesitate to reach out to us via GitHub issues or on Slack:

  https://community.getdbt.com/

Happy modeling!

[0m06:13:43.215258 [info ] [MainThread]: Setting up your profile.
[0m06:13:58.474494 [info ] [MainThread]: Profile dbt_transformations written to /Users/michal/.dbt/profiles.yml using target's sample configuration. Once updated, you'll be able to start developing with dbt.
[0m06:13:58.514875 [debug] [MainThread]: Resource report: {"command_name": "init", "command_success": true, "command_wall_clock_time": 15.4678955, "process_in_blocks": "0", "process_kernel_time": 0.351919, "process_mem_max_rss": "97628160", "process_out_blocks": "0", "process_user_time": 2.034292}
[0m06:13:58.515930 [debug] [MainThread]: Command `dbt init` succeeded at 06:13:58.515637 after 15.47 seconds
[0m06:13:58.516557 [debug] [MainThread]: Sending event: {'category': 'dbt', 'action': 'invocation', 'label': 'end', 'context': [<snowplow_tracker.self_describing_json.SelfDescribingJson object at 0x1103290f0>, <snowplow_tracker.self_describing_json.SelfDescribingJson object at 0x1111baa70>, <snowplow_tracker.self_describing_json.SelfDescribingJson object at 0x1111baaa0>]}
[0m06:13:58.517198 [debug] [MainThread]: Flushing usage events
[0m06:13:59.982383 [debug] [MainThread]: An error was encountered while trying to flush usage events
